<?xml version="1.0" encoding="UTF-8"?>
<robot generator="Robot 4.1.2 (Python 3.9.8 on darwin)" generated="20211130 14:41:48.780" rpa="false" schemaversion="2">
<suite id="s1" name="Tests" source="/Users/rikumattila/lukuvinkkikirjasto/src/tests">
<suite id="s1-s1" name="Createlink" source="/Users/rikumattila/lukuvinkkikirjasto/src/tests/createlink.robot">
<kw name="Open And Configure BROWSER" library="resource" type="SETUP">
<kw name="Open Browser" library="SeleniumLibrary">
<arg>browser=${BROWSER}</arg>
<doc>Opens a new browser instance to the optional ``url``.</doc>
<msg timestamp="20211130 14:41:49.024" level="INFO">Opening browser 'chrome' to base url 'None'.</msg>
<status status="PASS" starttime="20211130 14:41:49.023" endtime="20211130 14:41:51.084"/>
</kw>
<kw name="Maximize Browser Window" library="SeleniumLibrary">
<doc>Maximizes current browser window.</doc>
<status status="PASS" starttime="20211130 14:41:51.086" endtime="20211130 14:41:51.282"/>
</kw>
<kw name="Set Selenium Speed" library="SeleniumLibrary">
<arg>${DELAY}</arg>
<doc>Sets the delay that is waited after each Selenium command.</doc>
<status status="PASS" starttime="20211130 14:41:51.282" endtime="20211130 14:41:51.284"/>
</kw>
<status status="PASS" starttime="20211130 14:41:49.023" endtime="20211130 14:41:51.284"/>
</kw>
<test id="s1-s1-t1" name="Open Link Form Page">
<kw name="Go To Add Link Page" library="resource">
<kw name="Go To" library="SeleniumLibrary">
<arg>${ADDLINK URL}</arg>
<doc>Navigates the current browser window to the provided ``url``.</doc>
<msg timestamp="20211130 14:41:51.288" level="INFO">Opening url 'http://localhost:5000/addlink'</msg>
<status status="PASS" starttime="20211130 14:41:51.288" endtime="20211130 14:41:53.619"/>
</kw>
<status status="PASS" starttime="20211130 14:41:51.287" endtime="20211130 14:41:53.620"/>
</kw>
<kw name="Add Link Page Should Be Open" library="resource">
<kw name="Page Should Contain" library="SeleniumLibrary">
<arg>Syötä lukuvinkkisi nimi ja osoite</arg>
<doc>Verifies that current page contains ``text``.</doc>
<msg timestamp="20211130 14:41:54.653" level="INFO">Current page contains text 'Syötä lukuvinkkisi nimi ja osoite'.</msg>
<status status="PASS" starttime="20211130 14:41:53.622" endtime="20211130 14:41:54.654"/>
</kw>
<status status="PASS" starttime="20211130 14:41:53.620" endtime="20211130 14:41:54.654"/>
</kw>
<status status="PASS" starttime="20211130 14:41:51.285" endtime="20211130 14:41:54.655"/>
</test>
<kw name="Close Browser" library="SeleniumLibrary" type="TEARDOWN">
<doc>Closes the current browser.</doc>
<status status="PASS" starttime="20211130 14:41:54.659" endtime="20211130 14:41:55.242"/>
</kw>
<status status="PASS" starttime="20211130 14:41:48.817" endtime="20211130 14:41:55.242"/>
</suite>
<status status="PASS" starttime="20211130 14:41:48.784" endtime="20211130 14:41:55.245"/>
</suite>
<statistics>
<total>
<stat pass="1" fail="0" skip="0">All Tests</stat>
</total>
<tag>
</tag>
<suite>
<stat pass="1" fail="0" skip="0" id="s1" name="Tests">Tests</stat>
<stat pass="1" fail="0" skip="0" id="s1-s1" name="Createlink">Tests.Createlink</stat>
</suite>
</statistics>
<errors>
<msg timestamp="20211130 14:41:49.022" level="WARN">Imported library '/Users/rikumattila/lukuvinkkikirjasto/src/AppLibrary.py' contains no keywords.</msg>
</errors>
</robot>
